<?xml version="1.0" encoding="UTF-8"?>
<testsuite xmlns:xsi="http://www.w3.org/2001/XMLSchema-instance" xsi:noNamespaceSchemaLocation="https://maven.apache.org/surefire/maven-surefire-plugin/xsd/surefire-test-report-3.0.xsd" version="3.0" name="mission.RunnerTest" time="1.104" tests="1" errors="0" skipped="0" failures="0">
  <properties>
[...]
</properties>
  <testcase name="feature[API test](1)" classname="mission.RunnerTest" time="0.191">
    <system-out><![CDATA[Feature: API test

  # Please visit https://reqres.in/
  Scenario: Should see LIST USERS of all existing users               &amp#27;[90m# src/test/java/API-Test.feature:4&amp#27;[0m
    &amp#27;[33mGiven &amp#27;[0m&amp#27;[33mI get the default list of users for on 1st page&amp#27;[0m
    &amp#27;[33mWhen &amp#27;[0m&amp#27;[33mI get the list of all users within every page&amp#27;[0m
    &amp#27;[33mThen &amp#27;[0m&amp#27;[33mI should see total users count equals the number of user ids&amp#27;[0m

  Scenario: Should see SINGLE USER data       &amp#27;[90m# src/test/java/API-Test.feature:10&amp#27;[0m
    &amp#27;[33mGiven &amp#27;[0m&amp#27;[33mI make a search for user 3&amp#27;[0m
    &amp#27;[33mThen &amp#27;[0m&amp#27;[33mI should see the following user data&amp#27;[0m

  Scenario: Should see SINGLE USER NOT FOUND error code &amp#27;[90m# src/test/java/API-Test.feature:17&amp#27;[0m
    &amp#27;[33mGiven &amp#27;[0m&amp#27;[33mI make a search for user 55&amp#27;[0m
    &amp#27;[33mThen &amp#27;[0m&amp#27;[33mI receive error code 404 in response&amp#27;[0m

  Scenario Outline: CREATE a user                     &amp#27;[90m# src/test/java/API-Test.feature:22&amp#27;[0m
    &amp#27;[36mGiven &amp#27;[0m&amp#27;[36mI create a user with following <Name> <Job>&amp#27;[0m
    &amp#27;[36mThen &amp#27;[0m&amp#27;[36mresponse should contain the following data&amp#27;[0m

    Examples: 

  Scenario Outline: CREATE a user                      &amp#27;[90m# src/test/java/API-Test.feature:29&amp#27;[0m
    &amp#27;[33mGiven &amp#27;[0m&amp#27;[33mI create a user with following Peter Manager&amp#27;[0m
    &amp#27;[33mThen &amp#27;[0m&amp#27;[33mresponse should contain the following data&amp#27;[0m

  Scenario Outline: CREATE a user                   &amp#27;[90m# src/test/java/API-Test.feature:30&amp#27;[0m
    &amp#27;[33mGiven &amp#27;[0m&amp#27;[33mI create a user with following Liza Sales&amp#27;[0m
    &amp#27;[33mThen &amp#27;[0m&amp#27;[33mresponse should contain the following data&amp#27;[0m

  Scenario: LOGIN - SUCCESSFUL by a user                 &amp#27;[90m# src/test/java/API-Test.feature:33&amp#27;[0m
    &amp#27;[33mGiven &amp#27;[0m&amp#27;[33mI login unsuccessfully with the following data&amp#27;[0m
    &amp#27;[33mThen &amp#27;[0m&amp#27;[33mI should get a response code of 200&amp#27;[0m

  Scenario: LOGIN - UNSUCCESSFUL by a user               &amp#27;[90m# src/test/java/API-Test.feature:39&amp#27;[0m
    &amp#27;[33mGiven &amp#27;[0m&amp#27;[33mI login unsuccessfully with the following data&amp#27;[0m
    &amp#27;[33mThen &amp#27;[0m&amp#27;[33mI should get a response code of 400&amp#27;[0m
    &amp#27;[33mAnd &amp#27;[0m&amp#27;[33mI should see the following response message:&amp#27;[0m

  Scenario: Should see the list of users with DELAYED RESPONSE &amp#27;[90m# src/test/java/API-Test.feature:47&amp#27;[0m
    &amp#27;[33mGiven &amp#27;[0m&amp#27;[33mI wait for the user list to load&amp#27;[0m
    &amp#27;[33mThen &amp#27;[0m&amp#27;[33mI should see that every user has a unique id&amp#27;[0m
]]></system-out>
  </testcase>
</testsuite>